<?xml version="1.0" encoding="UTF-8"?>
<!-- Generated by org.testng.reporters.JUnitXMLReporter -->
<testsuite ignored="0" hostname="RAM" failures="2" tests="2" name="Register Test" time="0.059" errors="0" timestamp="2022-02-01T20:19:50 EST">
  <testcase classname="testcases.SuiteB.ValidateUser" name="Validate" time="0.012">
    <failure type="java.lang.AssertionError" message="The following asserts failed:
	expected [DF] but found [ABC],
	expected [DEF] but found [ABC]">
      <![CDATA[java.lang.AssertionError: The following asserts failed:
expected [DF] but found [ABC],
expected [DEF] but found [ABC]
at testcases.SuiteB.ValidateUser.Validate(ValidateUser.java:18)
at java.base/java.util.ArrayList.forEach(ArrayList.java:1511)
... Removed 30 stack frames]]>
    </failure>
  </testcase> <!-- Validate -->
  <testcase classname="testcases.SuiteB.ValidateUser" name="makefaillist" time="0.004">
    <failure type="java.lang.AssertionError" message="making a fail test">
      <![CDATA[java.lang.AssertionError: making a fail test
at testcases.SuiteB.ValidateUser.makefaillist(ValidateUser.java:24)
at java.base/java.util.ArrayList.forEach(ArrayList.java:1511)
... Removed 29 stack frames]]>
    </failure>
  </testcase> <!-- makefaillist -->
</testsuite> <!-- Register Test -->
