<!DOCTYPE html PUBLIC "-//W3C//DTD XHTML 1.1//EN" "http://www.w3.org/TR/xhtml11/DTD/xhtml11.dtd">
<html xmlns="http://www.w3.org/1999/xhtml">
<head>
<meta http-equiv="content-type" content="text/html; charset=UTF-8"/>
<title>TestNG Report</title>
<style type="text/css">table {margin-bottom:10px;border-collapse:collapse;empty-cells:show}th,td {border:1px solid #009;padding:.25em .5em}th {vertical-align:bottom}td {vertical-align:top}table a {font-weight:bold}.stripe td {background-color: #E6EBF9}.num {text-align:right}.passedodd td {background-color: #3F3}.passedeven td {background-color: #0A0}.skippedodd td {background-color: #DDD}.skippedeven td {background-color: #CCC}.failedodd td,.attn {background-color: #F33}.failedeven td,.stripe .attn {background-color: #D00}.stacktrace {white-space:pre;font-family:monospace}.totop {font-size:85%;text-align:center;border-bottom:2px solid #000}.invisible {display:none}</style>
</head>
<body>
<table>
<tr><th>Test</th><th># Passed</th><th># Skipped</th><th># Retried</th><th># Failed</th><th>Time (ms)</th><th>Included Groups</th><th>Excluded Groups</th></tr>
<tr><th colspan="7">Suite</th></tr>
<tr><th colspan="7">SuiteA</th></tr>
<tr><td><a href="#t0">login test</a></td><td class="num">2</td><td class="num">0</td><td class="num">0</td><td class="num">0</td><td class="num">134</td><td></td><td></td></tr>
<tr class="stripe"><td><a href="#t1">Create user Test</a></td><td class="num">3</td><td class="num attn">1</td><td class="num">0</td><td class="num">0</td><td class="num">1,344</td><td></td><td></td></tr>
<tr><th colspan="7">SuiteB</th></tr>
<tr><td><a href="#t2">Register Test</a></td><td class="num">0</td><td class="num">0</td><td class="num">0</td><td class="num attn">2</td><td class="num">59</td><td></td><td></td></tr>
<tr class="stripe"><td><a href="#t3">SearchandBuy Test</a></td><td class="num">3</td><td class="num">0</td><td class="num">0</td><td class="num">0</td><td class="num">23</td><td></td><td></td></tr>
<tr><th>Total</th><th class="num">8</th><th class="num attn">1</th><th class="num">0</th><th class="num attn">2</th><th class="num">1,560</th><th colspan="2"></th></tr>
</table>
<table id='summary'><thead><tr><th>Class</th><th>Method</th><th>Start</th><th>Time (ms)</th></tr></thead><tbody><tr><th colspan="4">Suite</th></tr></tbody><tbody><tr><th colspan="4">SuiteA</th></tr></tbody><tbody id="t0"><tr><th colspan="4">login test &#8212; passed</th></tr><tr class="passedeven"><td rowspan="2">testcases.SuiteA.LoginTest</td><td><a href="#m0">doLogin</a></td><td rowspan="1">1643764788861</td><td rowspan="1">12</td></tr><tr class="passedeven"><td><a href="#m1">logout</a></td><td rowspan="1">1643764788889</td><td rowspan="1">4</td></tr></tbody>
<tbody id="t1"><tr><th colspan="4">Create user Test &#8212; skipped</th></tr><tr class="skippedeven"><td rowspan="1">testcases.SuiteA.CreateUser</td><td><a href="#m2">createUser</a></td><td rowspan="1">1643764790388</td><td rowspan="1">0</td></tr><tr><th colspan="4">Create user Test &#8212; passed</th></tr><tr class="passedeven"><td rowspan="3">testcases.SuiteA.CreateUser</td><td><a href="#m3">deleteUser</a></td><td rowspan="3">1643764790400</td><td rowspan="3">7</td></tr><tr class="passedeven"><td><a href="#m4">deleteUser</a></td></tr><tr class="passedeven"><td><a href="#m5">deleteUser</a></td></tr></tbody>
<tbody><tr><th colspan="4">SuiteB</th></tr></tbody><tbody id="t2"><tr><th colspan="4">Register Test &#8212; failed</th></tr><tr class="failedeven"><td rowspan="2">testcases.SuiteB.ValidateUser</td><td><a href="#m6">Validate</a></td><td rowspan="1">1643764790459</td><td rowspan="1">12</td></tr><tr class="failedeven"><td><a href="#m7">makefaillist</a></td><td rowspan="1">1643764790478</td><td rowspan="1">4</td></tr></tbody>
<tbody id="t3"><tr><th colspan="4">SearchandBuy Test &#8212; passed</th></tr><tr class="passedeven"><td rowspan="3">testcases.SuiteB.SearchAndBuyPhone</td><td><a href="#m8">checkout</a></td><td rowspan="1">1643764790575</td><td rowspan="1">2</td></tr><tr class="passedeven"><td><a href="#m9">search</a></td><td rowspan="1">1643764790562</td><td rowspan="1">3</td></tr><tr class="passedeven"><td><a href="#m10">selectPhone</a></td><td rowspan="1">1643764790568</td><td rowspan="1">5</td></tr></tbody>
</table>
<h2>login test</h2><h3 id="m0">testcases.SuiteA.LoginTest#doLogin</h3><table class="result"><tr><th class="invisible"/></tr></table><p class="totop"><a href="#summary">back to summary</a></p>
<h3 id="m1">testcases.SuiteA.LoginTest#logout</h3><table class="result"><tr><th class="invisible"/></tr></table><p class="totop"><a href="#summary">back to summary</a></p>
<h2>Create user Test</h2><h3 id="m2">testcases.SuiteA.CreateUser#createUser</h3><table class="result"><tr><th>Exception</th></tr><tr><td><div class="stacktrace">java.lang.RuntimeException: java.lang.Error: Unresolved compilation problems: 
	CELL_TYPE_STRING cannot be resolved or is not a field
	CELL_TYPE_NUMERIC cannot be resolved or is not a field
	CELL_TYPE_FORMULA cannot be resolved or is not a field
	CELL_TYPE_BLANK cannot be resolved or is not a field

	at java.base/java.util.ArrayList.forEach(ArrayList.java:1511)
Caused by: java.lang.Error: Unresolved compilation problems: 
	CELL_TYPE_STRING cannot be resolved or is not a field
	CELL_TYPE_NUMERIC cannot be resolved or is not a field
	CELL_TYPE_FORMULA cannot be resolved or is not a field
	CELL_TYPE_BLANK cannot be resolved or is not a field

	at dataprovider.Xls_Reader.getCellData(Xls_Reader.java:141)
	at dataprovider.Testdataprovider.getData(Testdataprovider.java:40)
	... 26 more
... Removed 33 stack frames</div></td></tr></table><p class="totop"><a href="#summary">back to summary</a></p>
<h3 id="m3">testcases.SuiteA.CreateUser#deleteUser</h3><table class="result"><tr class="param"><th>Parameter #1</th><th>Parameter #2</th><th>Parameter #3</th><th>Parameter #4</th></tr><tr class="param stripe"><td>duser1</td><td>dpass1</td><td>dabc@gmail.com</td><td>dindia</td></tr></table><p class="totop"><a href="#summary">back to summary</a></p>
<h3 id="m4">testcases.SuiteA.CreateUser#deleteUser</h3><table class="result"><tr class="param"><th>Parameter #1</th><th>Parameter #2</th><th>Parameter #3</th><th>Parameter #4</th></tr><tr class="param stripe"><td>duser3</td><td>dpass3</td><td>dabcadasd@gmail.com</td><td>dusa</td></tr></table><p class="totop"><a href="#summary">back to summary</a></p>
<h3 id="m5">testcases.SuiteA.CreateUser#deleteUser</h3><table class="result"><tr class="param"><th>Parameter #1</th><th>Parameter #2</th><th>Parameter #3</th><th>Parameter #4</th></tr><tr class="param stripe"><td>duser2</td><td>dpass2</td><td>dabcdef@gmail.com</td><td>dcanada</td></tr></table><p class="totop"><a href="#summary">back to summary</a></p>
<h2>Register Test</h2><h3 id="m6">testcases.SuiteB.ValidateUser#Validate</h3><table class="result"><tr><th>Exception</th></tr><tr><td><div class="stacktrace">java.lang.AssertionError: The following asserts failed:
	expected [DF] but found [ABC],
	expected [DEF] but found [ABC]
	at testcases.SuiteB.ValidateUser.Validate(ValidateUser.java:18)
	at java.base/java.util.ArrayList.forEach(ArrayList.java:1511)
... Removed 30 stack frames</div></td></tr></table><p class="totop"><a href="#summary">back to summary</a></p>
<h3 id="m7">testcases.SuiteB.ValidateUser#makefaillist</h3><table class="result"><tr><th>Exception</th></tr><tr><td><div class="stacktrace">java.lang.AssertionError: making a fail test
	at testcases.SuiteB.ValidateUser.makefaillist(ValidateUser.java:24)
	at java.base/java.util.ArrayList.forEach(ArrayList.java:1511)
... Removed 29 stack frames</div></td></tr></table><p class="totop"><a href="#summary">back to summary</a></p>
<h2>SearchandBuy Test</h2><h3 id="m8">testcases.SuiteB.SearchAndBuyPhone#checkout</h3><table class="result"><tr><th class="invisible"/></tr></table><p class="totop"><a href="#summary">back to summary</a></p>
<h3 id="m9">testcases.SuiteB.SearchAndBuyPhone#search</h3><table class="result"><tr class="param"><th>Parameter #1</th></tr><tr class="param stripe"><td>org.testng.TestRunner@19648c40</td></tr></table><p class="totop"><a href="#summary">back to summary</a></p>
<h3 id="m10">testcases.SuiteB.SearchAndBuyPhone#selectPhone</h3><table class="result"><tr class="param"><th>Parameter #1</th></tr><tr class="param stripe"><td>org.testng.TestRunner@19648c40</td></tr></table><p class="totop"><a href="#summary">back to summary</a></p>
</body>
</html>
